=~=~=~=~=~=~=~=~=~=~=~= PuTTY log 2019.08.28 17:01:36 =~=~=~=~=~=~=~=~=~=~=~=
login as: andres.dorado
andres.dorado@172.17.0.197's password: 
CO-BOCC-F300E-01 # condiagnose  sniffer packet naany 0host 'host 10.24.2.17 and hosrt 172.31 .30.130.201' 4
interfaces=[any]
filters=[host 10.24.2.17 and host 172.31.130.201]
^C
0 packets received by filter
0 packets dropped by kernel

CO-BOCC-F300E-01 # du s\702\677302diagnose sys session filter src 10.24.2.1

CO-BOCC-F300E-01 # diagnose sys session filter src 10.24.2.17

CO-BOCC-F300E-01 # diagnose sys session filter src 10.24.2.17
session filter:
vd: any
sintf: any
dintf: any
proto: any
proto-state: any
source ip: 10.24.2.17-10.24.2.17
NAT'd source ip: any
dest ip: any
source port: any
NAT'd source port: any
dest port: any
policy id: any
expire: any
duration: any
state1: any
state2: any

CO-BOCC-F300E-01 # diagnose sys session list 
total session 0

CO-BOCC-F300E-01 # diagnose sys session listfilter src 10.24.2.17 sniffer packet any 'host 10.24.2.17 and host 172.31 .130.201' 4
interfaces=[any]
filters=[host 10.24.2.17 and host 172.31.130.201]
2169.187347 MGMT in 10.24.2.17.55725 -> 172.31.130.201.161: udp 46
2169.187746 MGMT out 172.31.130.201.161 -> 10.24.2.17.55725: udp 50
2169.187747 Trust out 172.31.130.201.161 -> 10.24.2.17.55725: udp 50
2169.187747 port5 out 172.31.130.201.161 -> 10.24.2.17.55725: udp 50
2169.278167 MGMT in 10.24.2.17.55725 -> 172.31.130.201.161: udp 46
2169.278195 MGMT out 172.31.130.201.161 -> 10.24.2.17.55725: udp 50
2169.278196 Trust out 172.31.130.201.161 -> 10.24.2.17.55725: udp 50
2169.278197 port5 out 172.31.130.201.161 -> 10.24.2.17.55725: udp 50
2169.369417 MGMT in 10.24.2.17.45458 -> 172.31.130.201.161: udp 86
2169.369451 MGMT out 172.31.130.201.161 -> 10.24.2.17.45458: udp 90
2169.369453 Trust out 172.31.130.201.161 -> 10.24.2.17.45458: udp 90
2169.369453 port5 out 172.31.130.201.161 -> 10.24.2.17.45458: udp 90
2468.494294 MGMT in 10.24.2.17.48075 -> 172.31.130.201.161: udp 46
2468.494351 MGMT out 172.31.130.201.161 -> 10.24.2.17.48075: udp 50
2468.494353 Trust out 172.31.130.201.161 -> 10.24.2.17.48075: udp 50
2468.494353 port5 out 172.31.130.201.161 -> 10.24.2.17.48075: udp 50
2468.583567 MGMT in 10.24.2.17.48075 -> 172.31.130.201.161: udp 46
2468.583601 MGMT out 172.31.130.201.161 -> 10.24.2.17.48075: udp 50
2468.583602 Trust out 172.31.130.201.161 -> 10.24.2.17.48075: udp 50
2468.583603 port5 out 172.31.130.201.161 -> 10.24.2.17.48075: udp 50
2468.673487 MGMT in 10.24.2.17.39238 -> 172.31.130.201.161: udp 86
2468.673523 MGMT out 172.31.130.201.161 -> 10.24.2.17.39238: udp 90
2468.673524 Trust out 172.31.130.201.161 -> 10.24.2.17.39238: udp 90
2468.673525 port5 out 172.31.130.201.161 -> 10.24.2.17.39238: udp 90
2768.734096 MGMT in 10.24.2.17.36570 -> 172.31.130.201.161: udp 46
2768.734152 MGMT out 172.31.130.201.161 -> 10.24.2.17.36570: udp 50
2768.734153 Trust out 172.31.130.201.161 -> 10.24.2.17.36570: udp 50
2768.734154 port6 out 172.31.130.201.161 -> 10.24.2.17.36570: udp 50
2768.824466 MGMT in 10.24.2.17.36570 -> 172.31.130.201.161: udp 46
2768.824505 MGMT out 172.31.130.201.161 -> 10.24.2.17.36570: udp 50
2768.824506 Trust out 172.31.130.201.161 -> 10.24.2.17.36570: udp 50
2768.824507 port6 out 172.31.130.201.161 -> 10.24.2.17.36570: udp 50
2768.914818 MGMT in 10.24.2.17.54656 -> 172.31.130.201.161: udp 86
2768.914858 MGMT out 172.31.130.201.161 -> 10.24.2.17.54656: udp 90
2768.914859 Trust out 172.31.130.201.161 -> 10.24.2.17.54656: udp 90
2768.914860 port5 out 172.31.130.201.161 -> 10.24.2.17.54656: udp 90
3069.446700 MGMT in 10.24.2.17.34022 -> 172.31.130.201.161: udp 46
3069.446758 MGMT out 172.31.130.201.161 -> 10.24.2.17.34022: udp 50
3069.446759 Trust out 172.31.130.201.161 -> 10.24.2.17.34022: udp 50
3069.446760 port6 out 172.31.130.201.161 -> 10.24.2.17.34022: udp 50
3069.535683 MGMT in 10.24.2.17.34022 -> 172.31.130.201.161: udp 46
3069.535712 MGMT out 172.31.130.201.161 -> 10.24.2.17.34022: udp 50
3069.535713 Trust out 172.31.130.201.161 -> 10.24.2.17.34022: udp 50
3069.535714 port6 out 172.31.130.201.161 -> 10.24.2.17.34022: udp 50
3069.625437 MGMT in 10.24.2.17.49291 -> 172.31.130.201.161: udp 86
3069.625473 MGMT out 172.31.130.201.161 -> 10.24.2.17.49291: udp 90
3069.625474 Trust out 172.31.130.201.161 -> 10.24.2.17.49291: udp 90
3069.625475 port6 out 172.31.130.201.161 -> 10.24.2.17.49291: udp 90
3369.422982 MGMT in 10.24.2.17.48379 -> 172.31.130.201.161: udp 46
3369.423038 MGMT out 172.31.130.201.161 -> 10.24.2.17.48379: udp 50
3369.423039 Trust out 172.31.130.201.161 -> 10.24.2.17.48379: udp 50
3369.423040 port6 out 172.31.130.201.161 -> 10.24.2.17.48379: udp 50
3369.514823 MGMT in 10.24.2.17.48379 -> 172.31.130.201.161: udp 46
3369.514854 MGMT out 172.31.130.201.161 -> 10.24.2.17.48379: udp 50
3369.514855 Trust out 172.31.130.201.161 -> 10.24.2.17.48379: udp 50
3369.514856 port6 out 172.31.130.201.161 -> 10.24.2.17.48379: udp 50
3369.605685 MGMT in 10.24.2.17.51250 -> 172.31.130.201.161: udp 86
3369.605720 MGMT out 172.31.130.201.161 -> 10.24.2.17.51250: udp 90
3369.605721 Trust out 172.31.130.201.161 -> 10.24.2.17.51250: udp 90
3369.605722 port6 out 172.31.130.201.161 -> 10.24.2.17.51250: udp 90
3668.293700 MGMT in 10.24.2.17.41764 -> 172.31.130.201.161: udp 46
3668.294166 MGMT out 172.31.130.201.161 -> 10.24.2.17.41764: udp 50
3668.294167 Trust out 172.31.130.201.161 -> 10.24.2.17.41764: udp 50
3668.294168 port5 out 172.31.130.201.161 -> 10.24.2.17.41764: udp 50
3668.383759 MGMT in 10.24.2.17.41764 -> 172.31.130.201.161: udp 46
3668.383790 MGMT out 172.31.130.201.161 -> 10.24.2.17.41764: udp 50
3668.383791 Trust out 172.31.130.201.161 -> 10.24.2.17.41764: udp 50
3668.383791 port5 out 172.31.130.201.161 -> 10.24.2.17.41764: udp 50
3668.473951 MGMT in 10.24.2.17.44415 -> 172.31.130.201.161: udp 86
3668.473987 MGMT out 172.31.130.201.161 -> 10.24.2.17.44415: udp 90
3668.473988 Trust out 172.31.130.201.161 -> 10.24.2.17.44415: udp 90
3668.473989 port5 out 172.31.130.201.161 -> 10.24.2.17.44415: udp 90
3968.916261 MGMT in 10.24.2.17.41948 -> 172.31.130.201.161: udp 46
3968.916321 MGMT out 172.31.130.201.161 -> 10.24.2.17.41948: udp 50
3968.916322 Trust out 172.31.130.201.161 -> 10.24.2.17.41948: udp 50
3968.916323 port5 out 172.31.130.201.161 -> 10.24.2.17.41948: udp 50
3969.005975 MGMT in 10.24.2.17.41948 -> 172.31.130.201.161: udp 46
3969.006003 MGMT out 172.31.130.201.161 -> 10.24.2.17.41948: udp 50
3969.006004 Trust out 172.31.130.201.161 -> 10.24.2.17.41948: udp 50
3969.006005 port5 out 172.31.130.201.161 -> 10.24.2.17.41948: udp 50
3969.095604 MGMT in 10.24.2.17.43979 -> 172.31.130.201.161: udp 86
3969.095638 MGMT out 172.31.130.201.161 -> 10.24.2.17.43979: udp 90
3969.095639 Trust out 172.31.130.201.161 -> 10.24.2.17.43979: udp 90
3969.095640 port5 out 172.31.130.201.161 -> 10.24.2.17.43979: udp 90
4268.408854 MGMT in 10.24.2.17.59059 -> 172.31.130.201.161: udp 46
4268.408913 MGMT out 172.31.130.201.161 -> 10.24.2.17.59059: udp 50
4268.408914 Trust out 172.31.130.201.161 -> 10.24.2.17.59059: udp 50
4268.408914 port6 out 172.31.130.201.161 -> 10.24.2.17.59059: udp 50
4268.499226 MGMT in 10.24.2.17.59059 -> 172.31.130.201.161: udp 46
4268.499252 MGMT out 172.31.130.201.161 -> 10.24.2.17.59059: udp 50
4268.499253 Trust out 172.31.130.201.161 -> 10.24.2.17.59059: udp 50
4268.499254 port6 out 172.31.130.201.161 -> 10.24.2.17.59059: udp 50
4268.590284 MGMT in 10.24.2.17.48584 -> 172.31.130.201.161: udp 86
4268.590316 MGMT out 172.31.130.201.161 -> 10.24.2.17.48584: udp 90
4268.590317 Trust out 172.31.130.201.161 -> 10.24.2.17.48584: udp 90
4268.590318 port5 out 172.31.130.201.161 -> 10.24.2.17.48584: udp 90
4568.843979 MGMT in 10.24.2.17.51615 -> 172.31.130.201.161: udp 46
4568.844041 MGMT out 172.31.130.201.161 -> 10.24.2.17.51615: udp 50
4568.844042 Trust out 172.31.130.201.161 -> 10.24.2.17.51615: udp 50
4568.844043 port5 out 172.31.130.201.161 -> 10.24.2.17.51615: udp 50
4568.941360 MGMT in 10.24.2.17.51615 -> 172.31.130.201.161: udp 46
4568.941387 MGMT out 172.31.130.201.161 -> 10.24.2.17.51615: udp 50
4568.941388 Trust out 172.31.130.201.161 -> 10.24.2.17.51615: udp 50
4568.941388 port5 out 172.31.130.201.161 -> 10.24.2.17.51615: udp 50
4569.039223 MGMT in 10.24.2.17.58923 -> 172.31.130.201.161: udp 86
4569.039252 MGMT out 172.31.130.201.161 -> 10.24.2.17.58923: udp 90
4569.039253 Trust out 172.31.130.201.161 -> 10.24.2.17.58923: udp 90
4569.039253 port6 out 172.31.130.201.161 -> 10.24.2.17.58923: udp 90
4869.104904 MGMT in 10.24.2.17.60466 -> 172.31.130.201.161: udp 46
4869.104998 MGMT out 172.31.130.201.161 -> 10.24.2.17.60466: udp 50
4869.104999 Trust out 172.31.130.201.161 -> 10.24.2.17.60466: udp 50
4869.105000 port6 out 172.31.130.201.161 -> 10.24.2.17.60466: udp 50
4869.194654 MGMT in 10.24.2.17.60466 -> 172.31.130.201.161: udp 46
4869.194682 MGMT out 172.31.130.201.161 -> 10.24.2.17.60466: udp 50
4869.194683 Trust out 172.31.130.201.161 -> 10.24.2.17.60466: udp 50
4869.194684 port6 out 172.31.130.201.161 -> 10.24.2.17.60466: udp 50
4869.286859 MGMT in 10.24.2.17.42838 -> 172.31.130.201.161: udp 86
4869.286892 MGMT out 172.31.130.201.161 -> 10.24.2.17.42838: udp 90
4869.286894 Trust out 172.31.130.201.161 -> 10.24.2.17.42838: udp 90
4869.286894 port5 out 172.31.130.201.161 -> 10.24.2.17.42838: udp 90
5169.901779 MGMT in 10.24.2.17.58445 -> 172.31.130.201.161: udp 46
5169.901833 MGMT out 172.31.130.201.161 -> 10.24.2.17.58445: udp 50
5169.901834 Trust out 172.31.130.201.161 -> 10.24.2.17.58445: udp 50
5169.901834 port6 out 172.31.130.201.161 -> 10.24.2.17.58445: udp 50
5169.991495 MGMT in 10.24.2.17.58445 -> 172.31.130.201.161: udp 46
5169.991525 MGMT out 172.31.130.201.161 -> 10.24.2.17.58445: udp 50
5169.991526 Trust out 172.31.130.201.161 -> 10.24.2.17.58445: udp 50
5169.991527 port6 out 172.31.130.201.161 -> 10.24.2.17.58445: udp 50
5170.081774 MGMT in 10.24.2.17.36276 -> 172.31.130.201.161: udp 86
5170.081808 MGMT out 172.31.130.201.161 -> 10.24.2.17.36276: udp 90
5170.081809 Trust out 172.31.130.201.161 -> 10.24.2.17.36276: udp 90
5170.081810 port5 out 172.31.130.201.161 -> 10.24.2.17.36276: udp 90
5468.159509 MGMT in 10.24.2.17.55595 -> 172.31.130.201.161: udp 46
5468.159570 MGMT out 172.31.130.201.161 -> 10.24.2.17.55595: udp 50
5468.159571 Trust out 172.31.130.201.161 -> 10.24.2.17.55595: udp 50
5468.159572 port5 out 172.31.130.201.161 -> 10.24.2.17.55595: udp 50
5468.248983 MGMT in 10.24.2.17.55595 -> 172.31.130.201.161: udp 46
5468.249012 MGMT out 172.31.130.201.161 -> 10.24.2.17.55595: udp 50
5468.249013 Trust out 172.31.130.201.161 -> 10.24.2.17.55595: udp 50
5468.249014 port5 out 172.31.130.201.161 -> 10.24.2.17.55595: udp 50
5468.338810 MGMT in 10.24.2.17.35981 -> 172.31.130.201.161: udp 86
5468.338846 MGMT out 172.31.130.201.161 -> 10.24.2.17.35981: udp 90
5468.338847 Trust out 172.31.130.201.161 -> 10.24.2.17.35981: udp 90
5468.338848 port6 out 172.31.130.201.161 -> 10.24.2.17.35981: udp 90
5767.966073 MGMT in 10.24.2.17.52325 -> 172.31.130.201.161: udp 46
5767.966130 MGMT out 172.31.130.201.161 -> 10.24.2.17.52325: udp 50
5767.966131 Trust out 172.31.130.201.161 -> 10.24.2.17.52325: udp 50
5767.966132 port6 out 172.31.130.201.161 -> 10.24.2.17.52325: udp 50
5768.055201 MGMT in 10.24.2.17.52325 -> 172.31.130.201.161: udp 46
5768.068515 MGMT out 172.31.130.201.161 -> 10.24.2.17.52325: udp 50
5768.068516 Trust out 172.31.130.201.161 -> 10.24.2.17.52325: udp 50
5768.068517 port6 out 172.31.130.201.161 -> 10.24.2.17.52325: udp 50
5768.158414 MGMT in 10.24.2.17.43840 -> 172.31.130.201.161: udp 86
5768.158451 MGMT out 172.31.130.201.161 -> 10.24.2.17.43840: udp 90
5768.158452 Trust out 172.31.130.201.161 -> 10.24.2.17.43840: udp 90
5768.158453 port5 out 172.31.130.201.161 -> 10.24.2.17.43840: udp 90
6068.296913 MGMT in 10.24.2.17.48192 -> 172.31.130.201.161: udp 46
6068.296968 MGMT out 172.31.130.201.161 -> 10.24.2.17.48192: udp 50
6068.296969 Trust out 172.31.130.201.161 -> 10.24.2.17.48192: udp 50
6068.296970 port6 out 172.31.130.201.161 -> 10.24.2.17.48192: udp 50
6068.386202 MGMT in 10.24.2.17.48192 -> 172.31.130.201.161: udp 46
6068.386224 MGMT out 172.31.130.201.161 -> 10.24.2.17.48192: udp 50
6068.386225 Trust out 172.31.130.201.161 -> 10.24.2.17.48192: udp 50
6068.386226 port6 out 172.31.130.201.161 -> 10.24.2.17.48192: udp 50
6068.476255 MGMT in 10.24.2.17.45672 -> 172.31.130.201.161: udp 86
6068.476289 MGMT out 172.31.130.201.161 -> 10.24.2.17.45672: udp 90
6068.476290 Trust out 172.31.130.201.161 -> 10.24.2.17.45672: udp 90
6068.476291 port6 out 172.31.130.201.161 -> 10.24.2.17.45672: udp 90
6369.188410 MGMT in 10.24.2.17.42956 -> 172.31.130.201.161: udp 46
6369.188471 MGMT out 172.31.130.201.161 -> 10.24.2.17.42956: udp 50
6369.188472 Trust out 172.31.130.201.161 -> 10.24.2.17.42956: udp 50
6369.188473 port5 out 172.31.130.201.161 -> 10.24.2.17.42956: udp 50
6369.279430 MGMT in 10.24.2.17.42956 -> 172.31.130.201.161: udp 46
6369.279461 MGMT out 172.31.130.201.161 -> 10.24.2.17.42956: udp 50
6369.279462 Trust out 172.31.130.201.161 -> 10.24.2.17.42956: udp 50
6369.279462 port5 out 172.31.130.201.161 -> 10.24.2.17.42956: udp 50
6369.370185 MGMT in 10.24.2.17.53358 -> 172.31.130.201.161: udp 86
6369.370219 MGMT out 172.31.130.201.161 -> 10.24.2.17.53358: udp 90
6369.370220 Trust out 172.31.130.201.161 -> 10.24.2.17.53358: udp 90
6369.370221 port6 out 172.31.130.201.161 -> 10.24.2.17.53358: udp 90
6669.030651 MGMT in 10.24.2.17.45785 -> 172.31.130.201.161: udp 46
6669.030704 MGMT out 172.31.130.201.161 -> 10.24.2.17.45785: udp 50
6669.030705 Trust out 172.31.130.201.161 -> 10.24.2.17.45785: udp 50
6669.030706 port6 out 172.31.130.201.161 -> 10.24.2.17.45785: udp 50
6669.120929 MGMT in 10.24.2.17.45785 -> 172.31.130.201.161: udp 46
6669.120956 MGMT out 172.31.130.201.161 -> 10.24.2.17.45785: udp 50
6669.120957 Trust out 172.31.130.201.161 -> 10.24.2.17.45785: udp 50
6669.120957 port6 out 172.31.130.201.161 -> 10.24.2.17.45785: udp 50
6669.213514 MGMT in 10.24.2.17.51704 -> 172.31.130.201.161: udp 86
6669.213550 MGMT out 172.31.130.201.161 -> 10.24.2.17.51704: udp 90
6669.213551 Trust out 172.31.130.201.161 -> 10.24.2.17.51704: udp 90
6669.213552 port5 out 172.31.130.201.161 -> 10.24.2.17.51704: udp 90
6969.243735 MGMT in 10.24.2.17.48685 -> 172.31.130.201.161: udp 46
6969.243795 MGMT out 172.31.130.201.161 -> 10.24.2.17.48685: udp 50
6969.243796 Trust out 172.31.130.201.161 -> 10.24.2.17.48685: udp 50
6969.243797 port6 out 172.31.130.201.161 -> 10.24.2.17.48685: udp 50
6969.334013 MGMT in 10.24.2.17.48685 -> 172.31.130.201.161: udp 46
6969.334042 MGMT out 172.31.130.201.161 -> 10.24.2.17.48685: udp 50
6969.334043 Trust out 172.31.130.201.161 -> 10.24.2.17.48685: udp 50
6969.334044 port6 out 172.31.130.201.161 -> 10.24.2.17.48685: udp 50
6969.426141 MGMT in 10.24.2.17.50190 -> 172.31.130.201.161: udp 86
6969.426178 MGMT out 172.31.130.201.161 -> 10.24.2.17.50190: udp 90
6969.426179 Trust out 172.31.130.201.161 -> 10.24.2.17.50190: udp 90
6969.426179 port6 out 172.31.130.201.161 -> 10.24.2.17.50190: udp 90
7268.188388 MGMT in 10.24.2.17.53783 -> 172.31.130.201.161: udp 46
7268.188450 MGMT out 172.31.130.201.161 -> 10.24.2.17.53783: udp 50
7268.188451 Trust out 172.31.130.201.161 -> 10.24.2.17.53783: udp 50
7268.188452 port6 out 172.31.130.201.161 -> 10.24.2.17.53783: udp 50
7268.277613 MGMT in 10.24.2.17.53783 -> 172.31.130.201.161: udp 46
7268.277643 MGMT out 172.31.130.201.161 -> 10.24.2.17.53783: udp 50
7268.277645 Trust out 172.31.130.201.161 -> 10.24.2.17.53783: udp 50
7268.277645 port6 out 172.31.130.201.161 -> 10.24.2.17.53783: udp 50
7268.367158 MGMT in 10.24.2.17.50738 -> 172.31.130.201.161: udp 86
7268.367194 MGMT out 172.31.130.201.161 -> 10.24.2.17.50738: udp 90
7268.367196 Trust out 172.31.130.201.161 -> 10.24.2.17.50738: udp 90
7268.367196 port6 out 172.31.130.201.161 -> 10.24.2.17.50738: udp 90
7568.682757 MGMT in 10.24.2.17.44973 -> 172.31.130.201.161: udp 46
7568.682812 MGMT out 172.31.130.201.161 -> 10.24.2.17.44973: udp 50
7568.682814 Trust out 172.31.130.201.161 -> 10.24.2.17.44973: udp 50
7568.682815 port5 out 172.31.130.201.161 -> 10.24.2.17.44973: udp 50
7568.772516 MGMT in 10.24.2.17.44973 -> 172.31.130.201.161: udp 46
7568.772542 MGMT out 172.31.130.201.161 -> 10.24.2.17.44973: udp 50
7568.772543 Trust out 172.31.130.201.161 -> 10.24.2.17.44973: udp 50
7568.772544 port5 out 172.31.130.201.161 -> 10.24.2.17.44973: udp 50
7568.862818 MGMT in 10.24.2.17.41617 -> 172.31.130.201.161: udp 86
7568.862850 MGMT out 172.31.130.201.161 -> 10.24.2.17.41617: udp 90
7568.862851 Trust out 172.31.130.201.161 -> 10.24.2.17.41617: udp 90
7568.862852 port6 out 172.31.130.201.161 -> 10.24.2.17.41617: udp 90
7868.775331 MGMT in 10.24.2.17.57469 -> 172.31.130.201.161: udp 46
7868.775386 MGMT out 172.31.130.201.161 -> 10.24.2.17.57469: udp 50
7868.775387 Trust out 172.31.130.201.161 -> 10.24.2.17.57469: udp 50
7868.775388 port6 out 172.31.130.201.161 -> 10.24.2.17.57469: udp 50
7868.865082 MGMT in 10.24.2.17.57469 -> 172.31.130.201.161: udp 46
7868.865107 MGMT out 172.31.130.201.161 -> 10.24.2.17.57469: udp 50
7868.865108 Trust out 172.31.130.201.161 -> 10.24.2.17.57469: udp 50
7868.865109 port6 out 172.31.130.201.161 -> 10.24.2.17.57469: udp 50
7868.957796 MGMT in 10.24.2.17.47661 -> 172.31.130.201.161: udp 86
7868.957827 MGMT out 172.31.130.201.161 -> 10.24.2.17.47661: udp 90
7868.957828 Trust out 172.31.130.201.161 -> 10.24.2.17.47661: udp 90
7868.957828 port6 out 172.31.130.201.161 -> 10.24.2.17.47661: udp 90
8168.780435 MGMT in 10.24.2.17.47556 -> 172.31.130.201.161: udp 46
8168.780486 MGMT out 172.31.130.201.161 -> 10.24.2.17.47556: udp 50
8168.780488 Trust out 172.31.130.201.161 -> 10.24.2.17.47556: udp 50
8168.780488 port5 out 172.31.130.201.161 -> 10.24.2.17.47556: udp 50
8168.869986 MGMT in 10.24.2.17.47556 -> 172.31.130.201.161: udp 46
8168.870013 MGMT out 172.31.130.201.161 -> 10.24.2.17.47556: udp 50
8168.870014 Trust out 172.31.130.201.161 -> 10.24.2.17.47556: udp 50
8168.870014 port5 out 172.31.130.201.161 -> 10.24.2.17.47556: udp 50
8168.960130 MGMT in 10.24.2.17.48219 -> 172.31.130.201.161: udp 86
8168.960161 MGMT out 172.31.130.201.161 -> 10.24.2.17.48219: udp 90
8168.960162 Trust out 172.31.130.201.161 -> 10.24.2.17.48219: udp 90
8168.960163 port6 out 172.31.130.201.161 -> 10.24.2.17.48219: udp 90
8469.432573 MGMT in 10.24.2.17.59286 -> 172.31.130.201.161: udp 46
8469.432627 MGMT out 172.31.130.201.161 -> 10.24.2.17.59286: udp 50
8469.432628 Trust out 172.31.130.201.161 -> 10.24.2.17.59286: udp 50
8469.432629 port5 out 172.31.130.201.161 -> 10.24.2.17.59286: udp 50
8469.521445 MGMT in 10.24.2.17.59286 -> 172.31.130.201.161: udp 46
8469.521472 MGMT out 172.31.130.201.161 -> 10.24.2.17.59286: udp 50
8469.521474 Trust out 172.31.130.201.161 -> 10.24.2.17.59286: udp 50
8469.521474 port5 out 172.31.130.201.161 -> 10.24.2.17.59286: udp 50
8469.610576 MGMT in 10.24.2.17.53100 -> 172.31.130.201.161: udp 86
8469.610612 MGMT out 172.31.130.201.161 -> 10.24.2.17.53100: udp 90
8469.610613 Trust out 172.31.130.201.161 -> 10.24.2.17.53100: udp 90
8469.610614 port5 out 172.31.130.201.161 -> 10.24.2.17.53100: udp 90
8769.099762 MGMT in 10.24.2.17.56369 -> 172.31.130.201.161: udp 46
8769.099814 MGMT out 172.31.130.201.161 -> 10.24.2.17.56369: udp 50
8769.099815 Trust out 172.31.130.201.161 -> 10.24.2.17.56369: udp 50
8769.099816 port6 out 172.31.130.201.161 -> 10.24.2.17.56369: udp 50
8769.189429 MGMT in 10.24.2.17.56369 -> 172.31.130.201.161: udp 46
8769.189459 MGMT out 172.31.130.201.161 -> 10.24.2.17.56369: udp 50
8769.189460 Trust out 172.31.130.201.161 -> 10.24.2.17.56369: udp 50
8769.189461 port6 out 172.31.130.201.161 -> 10.24.2.17.56369: udp 50
8769.279550 MGMT in 10.24.2.17.50858 -> 172.31.130.201.161: udp 86
8769.279582 MGMT out 172.31.130.201.161 -> 10.24.2.17.50858: udp 90
8769.279583 Trust out 172.31.130.201.161 -> 10.24.2.17.50858: udp 90
8769.279583 port6 out 172.31.130.201.161 -> 10.24.2.17.50858: udp 90
9068.538503 MGMT in 10.24.2.17.47981 -> 172.31.130.201.161: udp 46
9068.538562 MGMT out 172.31.130.201.161 -> 10.24.2.17.47981: udp 50
9068.538563 Trust out 172.31.130.201.161 -> 10.24.2.17.47981: udp 50
9068.538564 port5 out 172.31.130.201.161 -> 10.24.2.17.47981: udp 50
9068.628922 MGMT in 10.24.2.17.47981 -> 172.31.130.201.161: udp 46
9068.628951 MGMT out 172.31.130.201.161 -> 10.24.2.17.47981: udp 50
9068.628952 Trust out 172.31.130.201.161 -> 10.24.2.17.47981: udp 50
9068.628953 port5 out 172.31.130.201.161 -> 10.24.2.17.47981: udp 50
9068.719459 MGMT in 10.24.2.17.35721 -> 172.31.130.201.161: udp 86
9068.719491 MGMT out 172.31.130.201.161 -> 10.24.2.17.35721: udp 90
9068.719492 Trust out 172.31.130.201.161 -> 10.24.2.17.35721: udp 90
9068.719493 port5 out 172.31.130.201.161 -> 10.24.2.17.35721: udp 90
9368.408666 MGMT in 10.24.2.17.32942 -> 172.31.130.201.161: udp 46
9368.408720 MGMT out 172.31.130.201.161 -> 10.24.2.17.32942: udp 50
9368.408721 Trust out 172.31.130.201.161 -> 10.24.2.17.32942: udp 50
9368.408722 port6 out 172.31.130.201.161 -> 10.24.2.17.32942: udp 50
9368.499396 MGMT in 10.24.2.17.32942 -> 172.31.130.201.161: udp 46
9368.499423 MGMT out 172.31.130.201.161 -> 10.24.2.17.32942: udp 50
9368.499424 Trust out 172.31.130.201.161 -> 10.24.2.17.32942: udp 50
9368.499425 port6 out 172.31.130.201.161 -> 10.24.2.17.32942: udp 50
9368.589324 MGMT in 10.24.2.17.50492 -> 172.31.130.201.161: udp 86
9368.589355 MGMT out 172.31.130.201.161 -> 10.24.2.17.50492: udp 90
9368.589356 Trust out 172.31.130.201.161 -> 10.24.2.17.50492: udp 90
9368.589356 port5 out 172.31.130.201.161 -> 10.24.2.17.50492: udp 90
9668.727721 MGMT in 10.24.2.17.37107 -> 172.31.130.201.161: udp 46
9668.727775 MGMT out 172.31.130.201.161 -> 10.24.2.17.37107: udp 50
9668.727776 Trust out 172.31.130.201.161 -> 10.24.2.17.37107: udp 50
9668.727777 port6 out 172.31.130.201.161 -> 10.24.2.17.37107: udp 50
9668.817014 MGMT in 10.24.2.17.37107 -> 172.31.130.201.161: udp 46
9668.817042 MGMT out 172.31.130.201.161 -> 10.24.2.17.37107: udp 50
9668.817043 Trust out 172.31.130.201.161 -> 10.24.2.17.37107: udp 50
9668.817044 port6 out 172.31.130.201.161 -> 10.24.2.17.37107: udp 50
9668.906771 MGMT in 10.24.2.17.39915 -> 172.31.130.201.161: udp 86
9668.906802 MGMT out 172.31.130.201.161 -> 10.24.2.17.39915: udp 90
9668.906803 Trust out 172.31.130.201.161 -> 10.24.2.17.39915: udp 90
9668.906804 port5 out 172.31.130.201.161 -> 10.24.2.17.39915: udp 90
9968.669880 MGMT in 10.24.2.17.55231 -> 172.31.130.201.161: udp 46
9968.669931 MGMT out 172.31.130.201.161 -> 10.24.2.17.55231: udp 50
9968.669932 Trust out 172.31.130.201.161 -> 10.24.2.17.55231: udp 50
9968.669933 port5 out 172.31.130.201.161 -> 10.24.2.17.55231: udp 50
9968.759134 MGMT in 10.24.2.17.55231 -> 172.31.130.201.161: udp 46
9968.759159 MGMT out 172.31.130.201.161 -> 10.24.2.17.55231: udp 50
9968.759160 Trust out 172.31.130.201.161 -> 10.24.2.17.55231: udp 50
9968.759160 port5 out 172.31.130.201.161 -> 10.24.2.17.55231: udp 50
9968.849505 MGMT in 10.24.2.17.42078 -> 172.31.130.201.161: udp 86
9968.849536 MGMT out 172.31.130.201.161 -> 10.24.2.17.42078: udp 90
9968.849537 Trust out 172.31.130.201.161 -> 10.24.2.17.42078: udp 90
9968.849538 port6 out 172.31.130.201.161 -> 10.24.2.17.42078: udp 90
10269.329108 MGMT in 10.24.2.17.42236 -> 172.31.130.201.161: udp 46
10269.329163 MGMT out 172.31.130.201.161 -> 10.24.2.17.42236: udp 50
10269.329164 Trust out 172.31.130.201.161 -> 10.24.2.17.42236: udp 50
10269.329165 port6 out 172.31.130.201.161 -> 10.24.2.17.42236: udp 50
10269.418263 MGMT in 10.24.2.17.42236 -> 172.31.130.201.161: udp 46
10269.418292 MGMT out 172.31.130.201.161 -> 10.24.2.17.42236: udp 50
10269.418293 Trust out 172.31.130.201.161 -> 10.24.2.17.42236: udp 50
10269.418294 port6 out 172.31.130.201.161 -> 10.24.2.17.42236: udp 50
10269.508317 MGMT in 10.24.2.17.38795 -> 172.31.130.201.161: udp 86
10269.508347 MGMT out 172.31.130.201.161 -> 10.24.2.17.38795: udp 90
10269.508348 Trust out 172.31.130.201.161 -> 10.24.2.17.38795: udp 90
10269.508349 port5 out 172.31.130.201.161 -> 10.24.2.17.38795: udp 90
10569.361614 MGMT in 10.24.2.17.36434 -> 172.31.130.201.161: udp 46
10569.361668 MGMT out 172.31.130.201.161 -> 10.24.2.17.36434: udp 50
10569.361669 Trust out 172.31.130.201.161 -> 10.24.2.17.36434: udp 50
10569.361670 port6 out 172.31.130.201.161 -> 10.24.2.17.36434: udp 50
10569.452748 MGMT in 10.24.2.17.36434 -> 172.31.130.201.161: udp 46
10569.452773 MGMT out 172.31.130.201.161 -> 10.24.2.17.36434: udp 50
10569.452774 Trust out 172.31.130.201.161 -> 10.24.2.17.36434: udp 50
10569.452774 port6 out 172.31.130.201.161 -> 10.24.2.17.36434: udp 50
10569.543268 MGMT in 10.24.2.17.60720 -> 172.31.130.201.161: udp 86
10569.543302 MGMT out 172.31.130.201.161 -> 10.24.2.17.60720: udp 90
10569.543303 Trust out 172.31.130.201.161 -> 10.24.2.17.60720: udp 90
10569.543304 port5 out 172.31.130.201.161 -> 10.24.2.17.60720: udp 90
10868.786771 MGMT in 10.24.2.17.43539 -> 172.31.130.201.161: udp 46
10868.786867 MGMT out 172.31.130.201.161 -> 10.24.2.17.43539: udp 50
10868.786868 Trust out 172.31.130.201.161 -> 10.24.2.17.43539: udp 50
10868.786869 port6 out 172.31.130.201.161 -> 10.24.2.17.43539: udp 50
10868.877073 MGMT in 10.24.2.17.43539 -> 172.31.130.201.161: udp 46
10868.877101 MGMT out 172.31.130.201.161 -> 10.24.2.17.43539: udp 50
10868.877102 Trust out 172.31.130.201.161 -> 10.24.2.17.43539: udp 50
10868.877103 port6 out 172.31.130.201.161 -> 10.24.2.17.43539: udp 50
10868.968358 MGMT in 10.24.2.17.41400 -> 172.31.130.201.161: udp 86
10868.968391 MGMT out 172.31.130.201.161 -> 10.24.2.17.41400: udp 90
10868.968392 Trust out 172.31.130.201.161 -> 10.24.2.17.41400: udp 90
10868.968393 port5 out 172.31.130.201.161 -> 10.24.2.17.41400: udp 90
11168.731084 MGMT in 10.24.2.17.59009 -> 172.31.130.201.161: udp 46
11168.731138 MGMT out 172.31.130.201.161 -> 10.24.2.17.59009: udp 50
11168.731139 Trust out 172.31.130.201.161 -> 10.24.2.17.59009: udp 50
11168.731140 port6 out 172.31.130.201.161 -> 10.24.2.17.59009: udp 50
11168.821240 MGMT in 10.24.2.17.59009 -> 172.31.130.201.161: udp 46
11168.834529 MGMT out 172.31.130.201.161 -> 10.24.2.17.59009: udp 50
11168.834530 Trust out 172.31.130.201.161 -> 10.24.2.17.59009: udp 50
11168.834531 port6 out 172.31.130.201.161 -> 10.24.2.17.59009: udp 50
11168.924956 MGMT in 10.24.2.17.44760 -> 172.31.130.201.161: udp 86
11168.924991 MGMT out 172.31.130.201.161 -> 10.24.2.17.44760: udp 90
11168.924992 Trust out 172.31.130.201.161 -> 10.24.2.17.44760: udp 90
11168.924993 port6 out 172.31.130.201.161 -> 10.24.2.17.44760: udp 90
11468.763143 MGMT in 10.24.2.17.38255 -> 172.31.130.201.161: udp 46
11468.763197 MGMT out 172.31.130.201.161 -> 10.24.2.17.38255: udp 50
11468.763198 Trust out 172.31.130.201.161 -> 10.24.2.17.38255: udp 50
11468.763199 port5 out 172.31.130.201.161 -> 10.24.2.17.38255: udp 50
11468.852237 MGMT in 10.24.2.17.38255 -> 172.31.130.201.161: udp 46
11468.852264 MGMT out 172.31.130.201.161 -> 10.24.2.17.38255: udp 50
11468.852266 Trust out 172.31.130.201.161 -> 10.24.2.17.38255: udp 50
11468.852266 port5 out 172.31.130.201.161 -> 10.24.2.17.38255: udp 50
11468.942879 MGMT in 10.24.2.17.40783 -> 172.31.130.201.161: udp 86
11468.958069 MGMT out 172.31.130.201.161 -> 10.24.2.17.40783: udp 90
11468.958070 Trust out 172.31.130.201.161 -> 10.24.2.17.40783: udp 90
11468.958071 port5 out 172.31.130.201.161 -> 10.24.2.17.40783: udp 90
11768.910524 MGMT in 10.24.2.17.47074 -> 172.31.130.201.161: udp 46
11768.910582 MGMT out 172.31.130.201.161 -> 10.24.2.17.47074: udp 50
11768.910583 Trust out 172.31.130.201.161 -> 10.24.2.17.47074: udp 50
11768.910584 port5 out 172.31.130.201.161 -> 10.24.2.17.47074: udp 50
11768.999781 MGMT in 10.24.2.17.47074 -> 172.31.130.201.161: udp 46
11768.999808 MGMT out 172.31.130.201.161 -> 10.24.2.17.47074: udp 50
11768.999809 Trust out 172.31.130.201.161 -> 10.24.2.17.47074: udp 50
11768.999810 port5 out 172.31.130.201.161 -> 10.24.2.17.47074: udp 50
11769.090011 MGMT in 10.24.2.17.37998 -> 172.31.130.201.161: udp 86
11769.090047 MGMT out 172.31.130.201.161 -> 10.24.2.17.37998: udp 90
11769.090048 Trust out 172.31.130.201.161 -> 10.24.2.17.37998: udp 90
11769.090049 port6 out 172.31.130.201.161 -> 10.24.2.17.37998: udp 90
12069.732458 MGMT in 10.24.2.17.60834 -> 172.31.130.201.161: udp 46
12069.732515 MGMT out 172.31.130.201.161 -> 10.24.2.17.60834: udp 50
12069.732516 Trust out 172.31.130.201.161 -> 10.24.2.17.60834: udp 50
12069.732517 port5 out 172.31.130.201.161 -> 10.24.2.17.60834: udp 50
12069.821942 MGMT in 10.24.2.17.60834 -> 172.31.130.201.161: udp 46
12069.821970 MGMT out 172.31.130.201.161 -> 10.24.2.17.60834: udp 50
12069.821971 Trust out 172.31.130.201.161 -> 10.24.2.17.60834: udp 50
12069.821972 port5 out 172.31.130.201.161 -> 10.24.2.17.60834: udp 50
12069.911620 MGMT in 10.24.2.17.51591 -> 172.31.130.201.161: udp 86
12069.911647 MGMT out 172.31.130.201.161 -> 10.24.2.17.51591: udp 90
12069.911647 Trust out 172.31.130.201.161 -> 10.24.2.17.51591: udp 90
12069.911648 port5 out 172.31.130.201.161 -> 10.24.2.17.51591: udp 90
12369.456796 MGMT in 10.24.2.17.43502 -> 172.31.130.201.161: udp 46
12369.456850 MGMT out 172.31.130.201.161 -> 10.24.2.17.43502: udp 50
12369.456851 Trust out 172.31.130.201.161 -> 10.24.2.17.43502: udp 50
12369.456852 port5 out 172.31.130.201.161 -> 10.24.2.17.43502: udp 50
12369.546073 MGMT in 10.24.2.17.43502 -> 172.31.130.201.161: udp 46
12369.546101 MGMT out 172.31.130.201.161 -> 10.24.2.17.43502: udp 50
12369.546102 Trust out 172.31.130.201.161 -> 10.24.2.17.43502: udp 50
12369.546102 port5 out 172.31.130.201.161 -> 10.24.2.17.43502: udp 50
12369.635880 MGMT in 10.24.2.17.49994 -> 172.31.130.201.161: udp 86
12369.635910 MGMT out 172.31.130.201.161 -> 10.24.2.17.49994: udp 90
12369.635911 Trust out 172.31.130.201.161 -> 10.24.2.17.49994: udp 90
12369.635911 port5 out 172.31.130.201.161 -> 10.24.2.17.49994: udp 90
12668.638090 MGMT in 10.24.2.17.38066 -> 172.31.130.201.161: udp 46
12668.638143 MGMT out 172.31.130.201.161 -> 10.24.2.17.38066: udp 50
12668.638144 Trust out 172.31.130.201.161 -> 10.24.2.17.38066: udp 50
12668.638145 port6 out 172.31.130.201.161 -> 10.24.2.17.38066: udp 50
12668.728004 MGMT in 10.24.2.17.38066 -> 172.31.130.201.161: udp 46
12668.728031 MGMT out 172.31.130.201.161 -> 10.24.2.17.38066: udp 50
12668.728031 Trust out 172.31.130.201.161 -> 10.24.2.17.38066: udp 50
12668.728032 port6 out 172.31.130.201.161 -> 10.24.2.17.38066: udp 50
12668.818552 MGMT in 10.24.2.17.58637 -> 172.31.130.201.161: udp 86
12668.818583 MGMT out 172.31.130.201.161 -> 10.24.2.17.58637: udp 90
12668.818585 Trust out 172.31.130.201.161 -> 10.24.2.17.58637: udp 90
12668.818585 port5 out 172.31.130.201.161 -> 10.24.2.17.58637: udp 90
12968.740800 MGMT in 10.24.2.17.52392 -> 172.31.130.201.161: udp 46
12968.740849 MGMT out 172.31.130.201.161 -> 10.24.2.17.52392: udp 50
12968.740850 Trust out 172.31.130.201.161 -> 10.24.2.17.52392: udp 50
12968.740851 port6 out 172.31.130.201.161 -> 10.24.2.17.52392: udp 50
12968.831059 MGMT in 10.24.2.17.52392 -> 172.31.130.201.161: udp 46
12968.831081 MGMT out 172.31.130.201.161 -> 10.24.2.17.52392: udp 50
12968.831082 Trust out 172.31.130.201.161 -> 10.24.2.17.52392: udp 50
12968.831083 port6 out 172.31.130.201.161 -> 10.24.2.17.52392: udp 50
12968.921492 MGMT in 10.24.2.17.54014 -> 172.31.130.201.161: udp 86
12968.921525 MGMT out 172.31.130.201.161 -> 10.24.2.17.54014: udp 90
12968.921527 Trust out 172.31.130.201.161 -> 10.24.2.17.54014: udp 90
12968.921527 port6 out 172.31.130.201.161 -> 10.24.2.17.54014: udp 90
13268.769096 MGMT in 10.24.2.17.45421 -> 172.31.130.201.161: udp 46
13268.769153 MGMT out 172.31.130.201.161 -> 10.24.2.17.45421: udp 50
13268.769154 Trust out 172.31.130.201.161 -> 10.24.2.17.45421: udp 50
13268.769155 port5 out 172.31.130.201.161 -> 10.24.2.17.45421: udp 50
13268.859051 MGMT in 10.24.2.17.45421 -> 172.31.130.201.161: udp 46
13268.859081 MGMT out 172.31.130.201.161 -> 10.24.2.17.45421: udp 50
13268.859082 Trust out 172.31.130.201.161 -> 10.24.2.17.45421: udp 50
13268.859083 port5 out 172.31.130.201.161 -> 10.24.2.17.45421: udp 50
13268.949534 MGMT in 10.24.2.17.37827 -> 172.31.130.201.161: udp 86
13268.949565 MGMT out 172.31.130.201.161 -> 10.24.2.17.37827: udp 90
13268.949566 Trust out 172.31.130.201.161 -> 10.24.2.17.37827: udp 90
13268.949567 port5 out 172.31.130.201.161 -> 10.24.2.17.37827: udp 90
13568.430305 MGMT in 10.24.2.17.58194 -> 172.31.130.201.161: udp 46
13568.430363 MGMT out 172.31.130.201.161 -> 10.24.2.17.58194: udp 50
13568.430364 Trust out 172.31.130.201.161 -> 10.24.2.17.58194: udp 50
13568.430365 port5 out 172.31.130.201.161 -> 10.24.2.17.58194: udp 50
13568.520748 MGMT in 10.24.2.17.58194 -> 172.31.130.201.161: udp 46
13568.520772 MGMT out 172.31.130.201.161 -> 10.24.2.17.58194: udp 50
13568.520773 Trust out 172.31.130.201.161 -> 10.24.2.17.58194: udp 50
13568.520774 port5 out 172.31.130.201.161 -> 10.24.2.17.58194: udp 50
13568.611598 MGMT in 10.24.2.17.41202 -> 172.31.130.201.161: udp 86
13568.611629 MGMT out 172.31.130.201.161 -> 10.24.2.17.41202: udp 90
13568.611630 Trust out 172.31.130.201.161 -> 10.24.2.17.41202: udp 90
13568.611631 port6 out 172.31.130.201.161 -> 10.24.2.17.41202: udp 90
13869.241137 MGMT in 10.24.2.17.49153 -> 172.31.130.201.161: udp 46
13869.241194 MGMT out 172.31.130.201.161 -> 10.24.2.17.49153: udp 50
13869.241195 Trust out 172.31.130.201.161 -> 10.24.2.17.49153: udp 50
13869.241196 port6 out 172.31.130.201.161 -> 10.24.2.17.49153: udp 50
13869.331315 MGMT in 10.24.2.17.49153 -> 172.31.130.201.161: udp 46
13869.331340 MGMT out 172.31.130.201.161 -> 10.24.2.17.49153: udp 50
13869.331340 Trust out 172.31.130.201.161 -> 10.24.2.17.49153: udp 50
13869.331341 port6 out 172.31.130.201.161 -> 10.24.2.17.49153: udp 50
13869.422443 MGMT in 10.24.2.17.55317 -> 172.31.130.201.161: udp 86
13869.422473 MGMT out 172.31.130.201.161 -> 10.24.2.17.55317: udp 90
13869.422474 Trust out 172.31.130.201.161 -> 10.24.2.17.55317: udp 90
13869.422475 port6 out 172.31.130.201.161 -> 10.24.2.17.55317: udp 90
14169.832116 MGMT in 10.24.2.17.47072 -> 172.31.130.201.161: udp 46
14169.832174 MGMT out 172.31.130.201.161 -> 10.24.2.17.47072: udp 50
14169.832175 Trust out 172.31.130.201.161 -> 10.24.2.17.47072: udp 50
14169.832176 port5 out 172.31.130.201.161 -> 10.24.2.17.47072: udp 50
14169.922412 MGMT in 10.24.2.17.47072 -> 172.31.130.201.161: udp 46
14169.922442 MGMT out 172.31.130.201.161 -> 10.24.2.17.47072: udp 50
14169.922443 Trust out 172.31.130.201.161 -> 10.24.2.17.47072: udp 50
14169.922444 port5 out 172.31.130.201.161 -> 10.24.2.17.47072: udp 50
14170.013154 MGMT in 10.24.2.17.37878 -> 172.31.130.201.161: udp 86
14170.013185 MGMT out 172.31.130.201.161 -> 10.24.2.17.37878: udp 90
14170.013186 Trust out 172.31.130.201.161 -> 10.24.2.17.37878: udp 90
14170.013187 port5 out 172.31.130.201.161 -> 10.24.2.17.37878: udp 90
14468.417456 MGMT in 10.24.2.17.33992 -> 172.31.130.201.161: udp 46
14468.417513 MGMT out 172.31.130.201.161 -> 10.24.2.17.33992: udp 50
14468.417514 Trust out 172.31.130.201.161 -> 10.24.2.17.33992: udp 50
14468.417514 port6 out 172.31.130.201.161 -> 10.24.2.17.33992: udp 50
14468.507313 MGMT in 10.24.2.17.33992 -> 172.31.130.201.161: udp 46
14468.507337 MGMT out 172.31.130.201.161 -> 10.24.2.17.33992: udp 50
14468.507338 Trust out 172.31.130.201.161 -> 10.24.2.17.33992: udp 50
14468.507339 port6 out 172.31.130.201.161 -> 10.24.2.17.33992: udp 50
14468.597928 MGMT in 10.24.2.17.49475 -> 172.31.130.201.161: udp 86
14468.597958 MGMT out 172.31.130.201.161 -> 10.24.2.17.49475: udp 90
14468.597959 Trust out 172.31.130.201.161 -> 10.24.2.17.49475: udp 90
14468.597960 port5 out 172.31.130.201.161 -> 10.24.2.17.49475: udp 90
14769.077687 MGMT in 10.24.2.17.47177 -> 172.31.130.201.161: udp 46
14769.077743 MGMT out 172.31.130.201.161 -> 10.24.2.17.47177: udp 50
14769.077745 Trust out 172.31.130.201.161 -> 10.24.2.17.47177: udp 50
14769.077745 port6 out 172.31.130.201.161 -> 10.24.2.17.47177: udp 50
14769.166747 MGMT in 10.24.2.17.47177 -> 172.31.130.201.161: udp 46
14769.166779 MGMT out 172.31.130.201.161 -> 10.24.2.17.47177: udp 50
14769.166781 Trust out 172.31.130.201.161 -> 10.24.2.17.47177: udp 50
14769.166781 port6 out 172.31.130.201.161 -> 10.24.2.17.47177: udp 50
14769.256269 MGMT in 10.24.2.17.58461 -> 172.31.130.201.161: udp 86
14769.256302 MGMT out 172.31.130.201.161 -> 10.24.2.17.58461: udp 90
14769.256303 Trust out 172.31.130.201.161 -> 10.24.2.17.58461: udp 90
14769.256304 port6 out 172.31.130.201.161 -> 10.24.2.17.58461: udp 90
15068.083530 MGMT in 10.24.2.17.58494 -> 172.31.130.201.161: udp 46
15068.083580 MGMT out 172.31.130.201.161 -> 10.24.2.17.58494: udp 50
15068.083581 Trust out 172.31.130.201.161 -> 10.24.2.17.58494: udp 50
15068.083582 port6 out 172.31.130.201.161 -> 10.24.2.17.58494: udp 50
15068.172893 MGMT in 10.24.2.17.58494 -> 172.31.130.201.161: udp 46
15068.172917 MGMT out 172.31.130.201.161 -> 10.24.2.17.58494: udp 50
15068.172918 Trust out 172.31.130.201.161 -> 10.24.2.17.58494: udp 50
15068.172919 port6 out 172.31.130.201.161 -> 10.24.2.17.58494: udp 50
15068.262644 MGMT in 10.24.2.17.33602 -> 172.31.130.201.161: udp 86
15068.262678 MGMT out 172.31.130.201.161 -> 10.24.2.17.33602: udp 90
15068.262679 Trust out 172.31.130.201.161 -> 10.24.2.17.33602: udp 90
15068.262679 port5 out 172.31.130.201.161 -> 10.24.2.17.33602: udp 90
